make.exe all --print-data-base --no-builtin-variables --no-builtin-rules --question
# GNU Make 4.2.1
# Built for x86_64-w64-mingw32
# Copyright (C) 1988-2016 Free Software Foundation, Inc.
# License GPLv3+: GNU GPL version 3 or later <http://gnu.org/licenses/gpl.html>
# This is free software: you are free to change and redistribute it.
# There is NO WARRANTY, to the extent permitted by law.

# Make data base, printed on Wed Feb 16 18:53:30 2022

# Variables

# 'override' directive
GNUMAKEFLAGS := 
# automatic
<D = $(patsubst %/,%,$(patsubst %\,%,$(dir $<)))
# automatic
?F = $(notdir $?)
# default
.SHELLFLAGS := -c
# makefile
MAKEFLAGS = pqrR
# environment
VSCODE_LOG_NATIVE = false
# automatic
?D = $(patsubst %/,%,$(patsubst %\,%,$(dir $?)))
# automatic
@D = $(patsubst %/,%,$(patsubst %\,%,$(dir $@)))
# environment
HOMEDRIVE = C:
# automatic
@F = $(notdir $@)
# automatic
^D = $(patsubst %/,%,$(patsubst %\,%,$(dir $^)))
# makefile
CURDIR := d:/Documents/VSCode projects/GCC/Elevator
# default
SHELL := D:/Programs/xpack-windows-build-tools-4.2.1-2/bin/sh.exe
# environment
JRE_HOME = C:\Program Files\Java\jre1.8.0_241
# environment
UGII_BASE_DIR = C:\Siemens\NX10
# environment
UGII_ROOT_DIR = C:\Siemens\NX10\UGII\
# environment
WINDIR = C:\WINDOWS
# environment
VSCODE_NLS_CONFIG = {"locale":"ru","availableLanguages":{"*":"ru"},"_languagePackId":"b0850cb5d8440d61864b574b572701ac.ru","_translationsConfigFile":"C:\\Users\\ADM\\AppData\\Roaming\\Code\\clp\\b0850cb5d8440d61864b574b572701ac.ru\\tcf.json","_cacheRoot":"C:\\Users\\ADM\\AppData\\Roaming\\Code\\clp\\b0850cb5d8440d61864b574b572701ac.ru","_resolvedLanguagePackCoreLocation":"C:\\Users\\ADM\\AppData\\Roaming\\Code\\clp\\b0850cb5d8440d61864b574b572701ac.ru\\d6ee99e4c045a6716e5c653d7da8e9ae6f5a8b03","_corruptedFile":"C:\\Users\\ADM\\AppData\\Roaming\\Code\\clp\\b0850cb5d8440d61864b574b572701ac.ru\\corrupted.info","_languagePackSupport":true}
# environment
ONEDRIVE = C:\Users\ADM\OneDrive
# environment
QSYS_ROOTDIR = D:\Programs\intelFPGA_lite\20.1\quartus\sopc_builder\bin
# environment
PATHEXT = .COM;.EXE;.BAT;.CMD;.VBS;.VBE;.JS;.JSE;.WSF;.WSH;.MSC
# makefile (from 'Makefile', line 1)
MAKEFILE_LIST :=  Makefile
# environment
FPS_BROWSER_USER_PROFILE_STRING = Default
# environment
TMP = D:\ADM\TEMP
# environment
VSCODE_VERBOSE_LOGGING = true
# environment
PROGRAMW6432 = C:\Program Files
# environment
PROGRAMDATA = C:\ProgramData
# environment
VSCODE_IPC_HOOK_EXTHOST = \\.\pipe\vscode-ipc-76706c5b-74e7-48dd-935a-930cdba082a8-sock
# environment
VSCODE_CWD = D:\Programs\Microsoft VS Code
# default
MAKE_HOST := x86_64-w64-mingw32
# environment
PATH = C:\Program Files (x86)\Common Files\Oracle\Java\javapath;C:\ProgramData\Oracle\Java\javapath;C:\Windows\system32;C:\Windows;C:\Windows\System32\Wbem;C:\Windows\System32\WindowsPowerShell\v1.0\;C:\Windows\System32\OpenSSH\;C:\Program Files (x86)\NVIDIA Corporation\PhysX\Common;C:\Program Files\Microsoft SQL Server\120\Tools\Binn\;C:\Program Files\dotnet\;C:\WINDOWS\system32;C:\WINDOWS;C:\WINDOWS\System32\Wbem;C:\WINDOWS\System32\WindowsPowerShell\v1.0\;C:\WINDOWS\System32\OpenSSH\;C:\Program Files (x86)\STMicroelectronics\STM32 ST-LINK Utility\ST-LINK Utility;D:\Program Files\PuTTY\;D:\Program Files\MATLAB\R2021a\bin;D:\Programs\Git\Git\cmd;C:\Users\ADM\AppData\Local\Microsoft\WindowsApps;C:\Users\ADM\.dotnet\tools;D:\Programs\Microsoft VS Code\bin;C:\MinGW\bin;D:\Programs\xpack-windows-build-tools-4.2.1-2\bin;D:\Programs\xpack-arm-none-eabi-gcc-9.2.1-1.1\bin;D:\Programs\OpenOCD-20211118-0.11.0\bin;D:\Program Files\SEGGER\JLink;
# environment
SPLM_LICENSE_SERVER = 28000@lm.bmstu.ru
# environment
COMMONPROGRAMW6432 = C:\Program Files\Common Files
# environment
PROCESSOR_ARCHITECTURE = AMD64
# environment
USERPROFILE = C:\Users\ADM
# environment
ALLUSERSPROFILE = C:\ProgramData
# environment
SOPC_KIT_NIOS2 = D:\Programs\intelFPGA_lite\20.1\nios2eds
# environment
VSCODE_LOG_STACK = false
# environment
NUMBER_OF_PROCESSORS = 8
# environment
ELECTRON_RUN_AS_NODE = 1
# default
.FEATURES := target-specific order-only second-expansion else-if shortest-stem undefine oneshell archives jobserver output-sync
# automatic
%F = $(notdir $%)
# environment
CHROME_CRASHPAD_PIPE_NAME = \\.\pipe\crashpad_4112_RYEJDVGTMAHDZKNA
# environment
VSCODE_PIPE_LOGGING = true
# environment
COMPUTERNAME = DESKTOP-9JD9HMB
# environment
PROGRAMFILES = C:\Program Files
# default
.LOADED := 
# environment
DRIVERDATA = C:\Windows\System32\Drivers\DriverData
# environment
ORIGINAL_XDG_CURRENT_DESKTOP = undefined
# environment
USERNAME = ADM
# environment
PUBLIC = C:\Users\Public
# environment
VSCODE_AMD_ENTRYPOINT = vs/workbench/services/extensions/node/extensionHostProcess
# environment
VSCODE_CODE_CACHE_PATH = C:\Users\ADM\AppData\Roaming\Code\CachedData\d6ee99e4c045a6716e5c653d7da8e9ae6f5a8b03
# environment
APPLICATION_INSIGHTS_NO_DIAGNOSTIC_CHANNEL = 1
# environment
COMMONPROGRAMFILES = C:\Program Files\Common Files
# environment
LOGONSERVER = \\DESKTOP-9JD9HMB
# environment
VSCODE_HANDLES_UNCAUGHT_ERRORS = true
# environment
USERDOMAIN = DESKTOP-9JD9HMB
# environment
MAKELEVEL := 0
# default
MAKE = $(MAKE_COMMAND)
# default
MAKECMDGOALS := all
# environment
UGII_LANG = russian
# default
MAKE_VERSION := 4.2.1
# makefile
.DEFAULT_GOAL := all
# environment
PROGRAMFILES(X86) = C:\Program Files (x86)
# automatic
%D = $(patsubst %/,%,$(patsubst %\,%,$(dir $%)))
# environment
LOCALAPPDATA = C:\Users\ADM\AppData\Local
# environment
PSMODULEPATH = C:\Program Files\WindowsPowerShell\Modules;C:\WINDOWS\system32\WindowsPowerShell\v1.0\Modules
# default
MAKE_COMMAND := make.exe
# default
.VARIABLES := 
# automatic
*F = $(notdir $*)
# environment
PROCESSOR_IDENTIFIER = Intel64 Family 6 Model 158 Stepping 13, GenuineIntel
# environment
OS = Windows_NT
# environment
VSCODE_IPC_HOOK = \\.\pipe\d9afb8d0e0d4a7950918afde9cd56766-1.64.1-main-sock
# environment
HOMEPATH = \Users\ADM
# environment
COMMONPROGRAMFILES(X86) = C:\Program Files (x86)\Common Files
# environment
PROMPT = $P$G
# environment
MFLAGS = -pqrR
# automatic
*D = $(patsubst %/,%,$(patsubst %\,%,$(dir $*)))
# environment
SYSTEMROOT = C:\WINDOWS
# automatic
+D = $(patsubst %/,%,$(patsubst %\,%,$(dir $+)))
# automatic
+F = $(notdir $+)
# environment
APPDATA = C:\Users\ADM\AppData\Roaming
# environment
TEMP = D:\ADM\TEMP
# environment
COMSPEC = C:\WINDOWS\system32\cmd.exe
# default
MAKEFILES := 
# environment
QUARTUS_ROOTDIR = D:\Programs\intelFPGA_lite\20.1\quartus
# automatic
<F = $(notdir $<)
# environment
KOMPAS_SDK = D:\Program Files\ASCON\KOMPAS-3D v20 Study\SDK\
# environment
LC_ALL = C
# automatic
^F = $(notdir $^)
# default
SUFFIXES := 
# environment
SYSTEMDRIVE = C:
# environment
SESSIONNAME = Console
# environment
PROCESSOR_REVISION = 9e0d
# default
.RECIPEPREFIX := 
# environment
LANG = C
# environment
PROCESSOR_LEVEL = 6
# environment
FPS_BROWSER_APP_PROFILE_STRING = Internet Explorer
# environment
VSCODE_PID = 4112
# environment
USERDOMAIN_ROAMINGPROFILE = DESKTOP-9JD9HMB
# variable set hash-table stats:
#  
Load=101/1024=10%, Rehash=0, Collisions=16/124=13%

# Pattern-specific Variable Values

# No pattern-specific variable values.

# Directories

# . (key d:/Documents/VSCode projects/GCC/Elevator, mtime 1645026733): 8 files, no impossibilities.

# 8 files, no impossibilities in 1 directories.

# Implicit Rules

# No implicit rules.

# Files

# Not a target:
Elevator/Elevator.hpp:
#  Implicit rule search has not been done.
#  Modification time never checked.
#  File has not been updated.

all: main.o Elevator.o
#  Command line target.
#  Implicit rule search has not been done.
#  File does not exist.
#  File has been updated.
#  Needs to be updated (-q is set).
# variable set hash-table stats:
# Load=0/32=0%, Rehash=0, Collisions=0/3=0%
#  recipe to execute (from 'Makefile', line 2):
	g++ main.cpp Elevator/Elevator.cpp -o bin/Elevator

# Not a target:
.SUFFIXES:
#  Implicit rule search has not been done.
#  Modification time never checked.
#  File has not been updated.

# Not a target:
Makefile:
#  Implicit rule search has been done.
#  Last modified 2022-02-16 18:50:20
#  File has been updated.
#  Successfully updated.

# Not a target:
main.cpp:
#  Implicit rule search has been done.
#  Last modified 2022-02-16 18:24:36
#  File has been updated.
#  Successfully updated.

# Not a target:
.DEFAULT:
#  Implicit rule search has not been done.
#  Modification time never checked.
#  File has not been updated.

main.o: main.cpp
#  Implicit rule search has not been done.
#  Implicit/static pattern stem: ''
#  File does not exist.
#  File has been updated.
#  Needs to be updated (-q is set).
# automatic
# @ := main.o
# automatic
# % := 
# automatic
# * := 
# automatic
# + := main.cpp
# automatic
# | := 
# automatic
# < := main.cpp
# automatic
# ^ := main.cpp
# automatic
# ? := main.cpp
# variable set hash-table stats:
# Load=8/32=25%, Rehash=0, Collisions=1/11=9%
#  recipe to execute (from 'Makefile', line 5):
	g++ -c main.cpp -o bin/main.o

# Not a target:
Elevator/Elevator.cpp:
#  Implicit rule search has not been done.
#  Modification time never checked.
#  File has not been updated.

Elevator.o: Elevator/Elevator.cpp Elevator/Elevator.hpp
#  Implicit rule search has not been done.
#  Modification time never checked.
#  File has not been updated.
#  recipe to execute (from 'Makefile', line 8):
	g++ -c Elevator/Elevator.cpp -o bin/Elevator.o

# files hash-table stats:
# Load=9/1024=1%, Rehash=0, Collisions=0/28=0%
# VPATH Search Paths

# No 'vpath' search paths.

# No general ('VPATH' variable) search path.

# strcache buffers: 1 (0) / strings = 15 / storage = 134 B / avg = 8 B
# current buf: size = 8162 B / used = 134 B / count = 15 / avg = 8 B

# strcache performance: lookups = 26 / hit rate = 42%
# hash-table stats:
# Load=15/8192=0%, Rehash=0, Collisions=1/26=4%
# Finished Make data base on Wed Feb 16 18:53:30 2022

 
